Using pre-set license
Built from '2022.3/staging' branch; Version is '2022.3.14f1 (eff2de9070d8) revision 15725278'; Using compiler version '192829333'; Build Type 'Release'
OS: 'Windows 10  (10.0.19045) 64bit Professional' Language: 'ru' Physical Memory: 16088 MB
BatchMode: 1, IsHumanControllingUs: 0, StartBugReporterOnCrash: 0, Is64bit: 1, IsPro: 1

COMMAND LINE ARGUMENTS:
E:\2022.3.14f1\Editor\Unity.exe
-adb2
-batchMode
-noUpm
-name
AssetImportWorker3
-projectPath
E:/TestAKD/TestAKD
-logFile
Logs/AssetImportWorker3.log
-srvPort
56875
Successfully changed project path to: E:/TestAKD/TestAKD
E:/TestAKD/TestAKD
[UnityMemory] Configuration Parameters - Can be set up in boot.config
    "memorysetup-bucket-allocator-granularity=16"
    "memorysetup-bucket-allocator-bucket-count=8"
    "memorysetup-bucket-allocator-block-size=33554432"
    "memorysetup-bucket-allocator-block-count=8"
    "memorysetup-main-allocator-block-size=16777216"
    "memorysetup-thread-allocator-block-size=16777216"
    "memorysetup-gfx-main-allocator-block-size=16777216"
    "memorysetup-gfx-thread-allocator-block-size=16777216"
    "memorysetup-cache-allocator-block-size=4194304"
    "memorysetup-typetree-allocator-block-size=2097152"
    "memorysetup-profiler-bucket-allocator-granularity=16"
    "memorysetup-profiler-bucket-allocator-bucket-count=8"
    "memorysetup-profiler-bucket-allocator-block-size=33554432"
    "memorysetup-profiler-bucket-allocator-block-count=8"
    "memorysetup-profiler-allocator-block-size=16777216"
    "memorysetup-profiler-editor-allocator-block-size=1048576"
    "memorysetup-temp-allocator-size-main=16777216"
    "memorysetup-job-temp-allocator-block-size=2097152"
    "memorysetup-job-temp-allocator-block-size-background=1048576"
    "memorysetup-job-temp-allocator-reduction-small-platforms=262144"
    "memorysetup-allocator-temp-initial-block-size-main=262144"
    "memorysetup-allocator-temp-initial-block-size-worker=262144"
    "memorysetup-temp-allocator-size-background-worker=32768"
    "memorysetup-temp-allocator-size-job-worker=262144"
    "memorysetup-temp-allocator-size-preload-manager=33554432"
    "memorysetup-temp-allocator-size-nav-mesh-worker=65536"
    "memorysetup-temp-allocator-size-audio-worker=65536"
    "memorysetup-temp-allocator-size-cloud-worker=32768"
    "memorysetup-temp-allocator-size-gi-baking-worker=262144"
    "memorysetup-temp-allocator-size-gfx=262144"
Player connection [23308] Host "[IP] 100.125.17.99 [Port] 0 [Flags] 2 [Guid] 2563120662 [EditorId] 2563120662 [Version] 1048832 [Id] WindowsEditor(7,DESKTOP-G02G6RV) [Debug] 1 [PackageName] WindowsEditor [ProjectName] Editor" joined multi-casting on [225.0.0.222:54997]...

Player connection [23308] Host "[IP] 100.125.17.99 [Port] 0 [Flags] 2 [Guid] 2563120662 [EditorId] 2563120662 [Version] 1048832 [Id] WindowsEditor(7,DESKTOP-G02G6RV) [Debug] 1 [PackageName] WindowsEditor [ProjectName] Editor" joined alternative multi-casting on [225.0.0.222:34997]...

[Physics::Module] Initialized MultithreadedJobDispatcher with 19 workers.
Refreshing native plugins compatible for Editor in 0.56 ms, found 0 plugins.
Preloading 0 native plugins for Editor in 0.00 ms.
Initialize engine version: 2022.3.14f1 (eff2de9070d8)
[Subsystems] Discovering subsystems at path E:/2022.3.14f1/Editor/Data/Resources/UnitySubsystems
[Subsystems] Discovering subsystems at path E:/TestAKD/TestAKD/Assets
GfxDevice: creating device client; threaded=0; jobified=0
Direct3D:
    Version:  Direct3D 11.0 [level 11.1]
    Renderer: Intel(R) UHD Graphics 770 (ID=0x4680)
    Vendor:   Intel
    VRAM:     8044 MB
    Driver:   31.0.101.5333
Initialize mono
Mono path[0] = 'E:/2022.3.14f1/Editor/Data/Managed'
Mono path[1] = 'E:/2022.3.14f1/Editor/Data/MonoBleedingEdge/lib/mono/unityjit-win32'
Mono config path = 'E:/2022.3.14f1/Editor/Data/MonoBleedingEdge/etc'
Using monoOptions --debugger-agent=transport=dt_socket,embedding=1,server=y,suspend=n,address=127.0.0.1:56244
Begin MonoManager ReloadAssembly
Registering precompiled unity dll's ...
Register platform support module: E:/2022.3.14f1/Editor/Data/PlaybackEngines/AndroidPlayer/UnityEditor.Android.Extensions.dll
Register platform support module: E:/2022.3.14f1/Editor/Data/PlaybackEngines/WindowsStandaloneSupport/UnityEditor.WindowsStandalone.Extensions.dll
Registered in 0.004417 seconds.
- Loaded All Assemblies, in  0.436 seconds
Native extension for WindowsStandalone target not found
Native extension for Android target not found
Android Extension - Scanning For ADB Devices 559 ms
Mono: successfully reloaded assembly
- Finished resetting the current domain, in  1.014 seconds
Domain Reload Profiling: 1451ms
	BeginReloadAssembly (133ms)
		ExecutionOrderSort (0ms)
		DisableScriptedObjects (0ms)
		BackupInstance (0ms)
		ReleaseScriptingObjects (0ms)
		CreateAndSetChildDomain (1ms)
	RebuildCommonClasses (43ms)
	RebuildNativeTypeToScriptingClass (13ms)
	initialDomainReloadingComplete (62ms)
	LoadAllAssembliesAndSetupDomain (186ms)
		LoadAssemblies (132ms)
		RebuildTransferFunctionScriptingTraits (0ms)
		AnalyzeDomain (182ms)
			TypeCache.Refresh (180ms)
				TypeCache.ScanAssembly (164ms)
			ScanForSourceGeneratedMonoScriptInfo (0ms)
			ResolveRequiredComponents (1ms)
	FinalizeReload (1015ms)
		ReleaseScriptCaches (0ms)
		RebuildScriptCaches (0ms)
		SetupLoadedEditorAssemblies (925ms)
			LogAssemblyErrors (0ms)
			InitializePlatformSupportModulesInManaged (706ms)
			SetLoadedEditorAssemblies (6ms)
			RefreshPlugins (0ms)
			BeforeProcessingInitializeOnLoad (3ms)
			ProcessInitializeOnLoadAttributes (137ms)
			ProcessInitializeOnLoadMethodAttributes (72ms)
			AfterProcessingInitializeOnLoad (0ms)
			EditorAssembliesLoaded (0ms)
		ExecutionOrderSort2 (0ms)
		AwakeInstancesAfterBackupRestoration (0ms)
========================================================================
Worker process is ready to serve import requests
Begin MonoManager ReloadAssembly
- Loaded All Assemblies, in  0.466 seconds
Refreshing native plugins compatible for Editor in 0.18 ms, found 0 plugins.
Native extension for WindowsStandalone target not found
Native extension for Android target not found
Mono: successfully reloaded assembly
- Finished resetting the current domain, in  0.480 seconds
Domain Reload Profiling: 945ms
	BeginReloadAssembly (176ms)
		ExecutionOrderSort (0ms)
		DisableScriptedObjects (7ms)
		BackupInstance (0ms)
		ReleaseScriptingObjects (0ms)
		CreateAndSetChildDomain (26ms)
	RebuildCommonClasses (43ms)
	RebuildNativeTypeToScriptingClass (15ms)
	initialDomainReloadingComplete (45ms)
	LoadAllAssembliesAndSetupDomain (185ms)
		LoadAssemblies (233ms)
		RebuildTransferFunctionScriptingTraits (0ms)
		AnalyzeDomain (52ms)
			TypeCache.Refresh (43ms)
				TypeCache.ScanAssembly (34ms)
			ScanForSourceGeneratedMonoScriptInfo (5ms)
			ResolveRequiredComponents (4ms)
	FinalizeReload (481ms)
		ReleaseScriptCaches (0ms)
		RebuildScriptCaches (0ms)
		SetupLoadedEditorAssemblies (292ms)
			LogAssemblyErrors (0ms)
			InitializePlatformSupportModulesInManaged (33ms)
			SetLoadedEditorAssemblies (4ms)
			RefreshPlugins (0ms)
			BeforeProcessingInitializeOnLoad (51ms)
			ProcessInitializeOnLoadAttributes (170ms)
			ProcessInitializeOnLoadMethodAttributes (30ms)
			AfterProcessingInitializeOnLoad (4ms)
			EditorAssembliesLoaded (0ms)
		ExecutionOrderSort2 (0ms)
		AwakeInstancesAfterBackupRestoration (15ms)
Launched and connected shader compiler UnityShaderCompiler.exe after 0.10 seconds
Refreshing native plugins compatible for Editor in 0.11 ms, found 0 plugins.
Preloading 0 native plugins for Editor in 0.00 ms.
Unloading 624 Unused Serialized files (Serialized files now loaded: 0)
Unloading 4 unused Assets / (51.3 KB). Loaded Objects now: 1101.
Memory consumption went from 76.6 MB to 76.6 MB.
Total: 1.950000 ms (FindLiveObjects: 0.065000 ms CreateObjectMapping: 0.013900 ms MarkObjects: 1.812600 ms  DeleteObjects: 0.057600 ms)

AssetImportParameters requested are different than current active one (requested -> active):
  custom:scripting/monoscript/fileName/EnemyView.cs: 646f2159b3c563a27decd0fb3202ef2c -> 
  custom:video-encoder-webm-vp8: eb34c28f22e8b96e1ab97ce403110664 -> 
  custom:scripting/monoscript/fileName/SignalExtensions.cs: 409431ea2ef7a8ce5ff35d58e7f6fe8e -> 
  custom:scripting/monoscript/fileName/ReflectionBakingModuleEditor.cs: 46f00d962d888bbdbef03cdb2d29311a -> 
  custom:scripting/monoscript/fileName/SignalCopyBinder.cs: 84dca14bf349eabadb634f9a5c54afe4 -> 
  custom:video-decoder-webm-vp8: 9c59270c3fd7afecdb556c50c9e8de78 -> 
  custom:scripting/monoscript/fileName/PlayerInstaller.cs: d5c4a2afa917687ebcdbc9ad14459a3b -> 
  custom:scripting/monoscript/fileName/PlayerModel.cs: 85a4b9864c5e9999a13797eb65b31d7e -> 
  custom:scripting/monoscript/fileName/EnemyTunables.cs: 8f6a570ada51201861d0cae298e382fe -> 
  custom:scripting/monoscript/fileName/ShipStateFactory.cs: a198f0f07d643730913114c1684fac96 -> 
  custom:scripting/monoscript/fileName/BrokenShipFactory.cs: d8f0e83ee268034980075c830ec462a5 -> 
  custom:scripting/monoscript/fileName/LevelBoundary.cs: c47356c512e08bb42bba13eefd7139a5 -> 
  custom:scripting/monoscript/fileName/UnityAssemblyResolver.cs: 4b41b542146e7fb64f8aa7b4a0a999b2 -> 
  custom:scripting/monoscript/fileName/UnityExtensionMethods.cs: a2b8fcdd33009b06db9bfd27c158df21 -> 
  custom:scripting/monoscript/fileName/InPlaceStableSort.cs: 90647cc400823b41df847a6cbfc29026 -> 
  custom:scripting/monoscript/fileName/PlayerGui.cs: b8ad15e0a06d5bfc393ea0f1fc753411 -> 
  custom:scripting/monoscript/fileName/PlayerDirectionHandler.cs: 0a2dd1397523367e838639c5183675c8 -> 
  custom:scripting/monoscript/fileName/ShipStateWaitingToStart.cs: 7a2e5a7c3b8312533ec8cd4f286ec6c6 -> 
  custom:scripting/monoscript/fileName/ShipState.cs: 7635a9225d1ab6f7ff638b58af2fe53d -> 
  custom:scripting/monoscript/fileName/EnemyStateFollow.cs: 24922c42c9205e726e5a32a8063df89e -> 
  custom:scripting/monoscript/fileName/SignalCallbackWithLookupWrapper.cs: 9aa9cc34257012bbce53913382197bc7 -> 
  custom:scripting/monoscript/fileName/EnemyStateManager.cs: d473f1b7775ee344a4877e9141d2b3f4 -> 
  custom:scripting/monoscript/fileName/AudioPlayer.cs: d9da2f2397fe964bf1e9d5f92e463650 -> 
  custom:scripting/monoscript/fileName/ExplosionFactory.cs: 7e91aa3501716ffc1e7a77ea9c6168f0 -> 
  custom:scripting/monoscript/fileName/BindSignalIdToBinder.cs: 90647cc400823b41df847a6cbfc29026 -> 
  custom:audio-decoder-ogg-vorbis: bf7c407c2cedff20999df2af8eb42d56 -> 
  custom:scripting/monoscript/fileName/EnemyRotationHandler.cs: d184bc60ddf4da36ece4c981b55a12fe -> 
  custom:video-decoder-ogg-theora: a1e56fd34408186e4bbccfd4996cb3dc -> 
  custom:scripting/monoscript/fileName/SignalDeclarationAsyncInitializer.cs: 3cf3d09f06fbc440dc6f806a7174f0a9 -> 
  custom:scripting/monoscript/fileName/GuiHandler.cs: 68b1a3bf1b310598f59560613aeca99d -> 
  custom:scripting/monoscript/fileName/EnemyStateIdle.cs: ba7d842ab936f5ac8be731055322f748 -> 
  custom:scripting/monoscript/fileName/ShipStateMoving.cs: 6bb495d7883028d153a66e7eb00ac42e -> 
  custom:scripting/monoscript/fileName/SignalCallbackWrapper.cs: 593f6d4818ac23dcd143e972aab023a1 -> 
  custom:scripting/monoscript/fileName/SignalDeclaration.cs: 71e835d8b1a1b77bbd4c80626a0dacc9 -> 
  custom:scripting/monoscript/fileName/ReflectionBakingMenuItems.cs: 40bfe26f3e66cf8192876346a128b117 -> 
  custom:scripting/monoscript/fileName/EnemyRegistry.cs: 622c3d8d6269bb09681b54302474d800 -> 
  custom:scripting/monoscript/fileName/SignalSubscriptionId.cs: 4b2c24206b9814fb797ac66d95873a8c -> 
  custom:audio-encoder-webm-vorbis: bf7c407c2cedff20999df2af8eb42d56 -> 
  custom:scripting/monoscript/fileName/PlayerFacade.cs: b9dc23dd3fe7f46f9c31da4cf6c870d6 -> 
  custom:scripting/monoscript/fileName/PlayerInputState.cs: 4f4b70decdb8eec13f8338ce10c2fc1f -> 
  custom:scripting/monoscript/fileName/AsteroidManager.cs: cfffa147141d2105e0c826661827fa35 -> 
  custom:scripting/monoscript/fileName/EnemySpawner.cs: 419df8aa57ce5b824b55d498815d9da5 -> 
  custom:scripting/monoscript/fileName/GameRestartHandler.cs: fe3b6363a1f989b33aae316ad3f1190a -> 
  custom:scripting/monoscript/fileName/PlayerHealthWatcher.cs: bd7f9c28c13a5eee1b019f590c628b2b -> 
  custom:scripting/monoscript/fileName/GameEvents.cs: 4372981f3af106a8c7d5a3e1f0d45689 -> 
  custom:scripting/monoscript/fileName/SignalSubscription.cs: 46f6f702a97baa0022ce2580877860a1 -> 
  custom:SearchIndexIgnoredProperties: e643bd26f0fe6173181afceb89e7c659 -> 
  custom:scripting/monoscript/fileName/MpmView.cs: f550d40d5a3ade8acbeb8a97e84bbc72 -> 
  custom:scripting/monoscript/fileName/SignalDeclarationBindInfo.cs: 98318a647caeea897494a18b0baee163 -> 
  custom:scripting/monoscript/fileName/GameSettingsInstaller.cs: 9b9a11004bfb64236322f38318a2dfa8 -> 
  custom:scripting/monoscript/fileName/PlayerDamageHandler.cs: d6f172d53aef1992cbf62aae215249b3 -> 
  custom:container-demuxer-ogg: 62fdf1f143b41e24485cea50d1cbac27 -> 
  custom:scripting/monoscript/fileName/MpmSettingsInstaller.cs: 0edff3070b26c2a01ee3bdab8db487dd -> 
  custom:AudioImporter_EditorPlatform: d09bf68614088b80899f8185d706f6e7 -> 
  custom:scripting/monoscript/fileName/Bullet.cs: 2a2895bd066dac2fdf0be6f14cf4a75d -> 
  custom:scripting/monoscript/fileName/EnemyFacade.cs: 10f2f90c71b98fe855ee20c5d230482d -> 
  custom:scripting/monoscript/fileName/Asteroid.cs: 680e5ad22f487b4cbeeeb300f2a9bfda -> 
  custom:CustomObjectIndexerAttribute: 756ad292c208cfabdd7b50bc23989ffe -> 
  custom:framework-win-MediaFoundation: 216162199b28c13a410421893ffa2e32 -> 
  custom:scripting/monoscript/fileName/BindSignalFromBinder.cs: 90647cc400823b41df847a6cbfc29026 -> 
  custom:scripting/monoscript/fileName/EnemyStateAttack.cs: 5573135163ea1ffb3034f2982efb961f -> 
  custom:scripting/monoscript/fileName/MpmWindow.cs: 4e437ec4b2e6912db17f1625e520d672 -> 
  custom:scripting/monoscript/fileName/LevelHelper.cs: 8857cb89613eb468b1373f7cd756838b -> 
  custom:scripting/monoscript/fileName/SignalBindingBindInfo.cs: bc9998fb3cb0b009b50f97a20b47c859 -> 
  custom:scripting/monoscript/fileName/BindSignalToBinder.cs: 90647cc400823b41df847a6cbfc29026 -> 
  custom:scripting/monoscript/fileName/EnemyDeathHandler.cs: 8272b098ac555c02cdda96ace7ed8619 -> 
  custom:scripting/monoscript/fileName/EnemyInstaller.cs: 082515a8fb3cf5e9f5eb8688a7d10a2f -> 
  custom:scripting/monoscript/fileName/ReflectionBakingBuildObserver.cs: 6902e43404c7df90757ffd24698b2081 -> 
  custom:scripting/monoscript/fileName/Explosion.cs: f1fb067e80d57f0378e0f8f60dcfdfb1 -> 
  custom:scripting/monoscript/fileName/ReflectionBakingInternalUtil.cs: 1a9dc56f1014d33ce7dbc4fd540006d6 -> 
  custom:scripting/monoscript/fileName/GameController.cs: f4af79a2d24cefac342a55fe5d3e0819 -> 
  custom:scripting/monoscript/fileName/GameInstaller.cs: 06a0a1c302e0a5f0af9ae605aa507c81 -> 
  custom:scripting/monoscript/fileName/SignalBusInstaller.cs: 916d5c8c92ce5fc1f2d46594c57c78e6 -> 
  custom:scripting/monoscript/fileName/AudioHandler.cs: 4cc223ac906d9c82b495080c0ebb8230 -> 
  custom:scripting/monoscript/fileName/ZenjectReflectionBakingSettings.cs: 72e81be7f4c4ac02d1cb9619302eae12 -> 
  custom:scripting/monoscript/fileName/PlayerMoveHandler.cs: f0184b193ec9bccb24bf7250288398d3 -> 
  custom:scripting/monoscript/fileName/DeclareSignalAsyncTickPriorityCopyBinder.cs: 78a302f2adab8bdcaa65289123c851ab -> 
  custom:scripting/monoscript/fileName/DeclareSignalIdRequireHandlerAsyncTickPriorityCopyBinder.cs: 70d13547789297b14d02ffc4daf39d67 -> 
  custom:scripting/monoscript/fileName/CecilExtensions.cs: 350935c24956d8aad487764bf3114d49 -> 
  custom:scripting/monoscript/fileName/Ship.cs: dbd4e89d9e993dc12374230d81f0fcac -> 
  custom:container-demuxer-webm: 4f35f7cbe854078d1ac9338744f61a02 -> 
  custom:scripting/monoscript/fileName/GameSignalsInstaller.cs: 10a29d598d17f64de14c73cdb6d6c56d -> 
  custom:scripting/monoscript/fileName/ControlsDisplay.cs: 570498fc59bfdd3777bb0bff96fcbbe7 -> 
  custom:scripting/monoscript/fileName/TilingBackground.cs: a0ad69c7f5ce9af528c2bc64c968dc96 -> 
  custom:scripting/monoscript/fileName/ShipStateDead.cs: dd53c4c4d9e04c7dbd9752eac894dac0 -> 
  custom:container-muxer-webm: aa71ff27fc2769a1b78a27578f13a17b -> 
  custom:scripting/monoscript/fileName/PlayerInputHandler.cs: c497c4f54432f0c5b828bd89cd09c7e2 -> 
  custom:scripting/monoscript/fileName/PlayerShootHandler.cs: c5cc562c82fe8d125edd46d1132c6325 -> 
  custom:scripting/monoscript/fileName/SignalBus.cs: 41c0f1caba131e78e7615670792e1415 -> 
  custom:scripting/monoscript/fileName/ZenjectReflectionBakingSettingsEditor.cs: 07a626db432383465461a56f7f6e32e8 -> 
  custom:scripting/monoscript/fileName/EnemyCommonSettings.cs: c3db9c6ab0aaa9a00cc0a3452104ee77 -> 
  custom:scripting/monoscript/fileName/DeclareSignalRequireHandlerAsyncTickPriorityCopyBinder.cs: 9889b90f1c1a6194db77d7cab0e19108 -> 
  custom:scripting/monoscript/fileName/SignalTickPriorityCopyBinder.cs: 4db6467be34f1954afc9add5759bfb55 -> 
  custom:scripting/monoscript/fileName/AssemblyPathRegistry.cs: 1366bcd17a63e980d868acd716fcdb8e -> 
========================================================================
Received Import Request.
  Time since last request: 160120.028679 seconds.
  path: Assets/Ezereal Assets/Ezereal Car Controller/Materials/URP/Electric Truck/Interior/Interior Floor.mat
  artifactKey: Guid(60073513a6cf00f499cd2b4bb8eb8550) Importer(815301076,1909f56bfc062723c751e8b465ee728b)
Start importing Assets/Ezereal Assets/Ezereal Car Controller/Materials/URP/Electric Truck/Interior/Interior Floor.mat using Guid(60073513a6cf00f499cd2b4bb8eb8550) Importer(815301076,1909f56bfc062723c751e8b465ee728b)  -> (artifact id: 'acf4ec13988815c7a4df0237c350a8b4') in 0.099737 seconds
Number of updated asset objects reloaded before import = 0
Number of asset objects unloaded after import = 1
========================================================================
Received Import Request.
  Time since last request: 18.682813 seconds.
  path: Assets/Prefabs/shelf.fbx
  artifactKey: Guid(9973447810e13cc489582b7eb78f5842) Importer(815301076,1909f56bfc062723c751e8b465ee728b)
Start importing Assets/Prefabs/shelf.fbx using Guid(9973447810e13cc489582b7eb78f5842) Importer(815301076,1909f56bfc062723c751e8b465ee728b)  -> (artifact id: 'a59734b43d309f2f34474ed3938a3ad5') in 0.244568 seconds
Number of updated asset objects reloaded before import = 0
Number of asset objects unloaded after import = 8
========================================================================
Received Import Request.
  Time since last request: 47.491874 seconds.
  path: Assets/Joystick Pack/Sprites/All Axis Backgrounds/AllAxis_Ridged.png
  artifactKey: Guid(54628aafa20f64b40ae661038ee7abf0) Importer(815301076,1909f56bfc062723c751e8b465ee728b)
Start importing Assets/Joystick Pack/Sprites/All Axis Backgrounds/AllAxis_Ridged.png using Guid(54628aafa20f64b40ae661038ee7abf0) Importer(815301076,1909f56bfc062723c751e8b465ee728b)  -> (artifact id: '2a42038d9b79722e0a955543a36add4e') in 0.121368 seconds
Number of updated asset objects reloaded before import = 0
Number of asset objects unloaded after import = 3
========================================================================
Received Import Request.
  Time since last request: 0.000064 seconds.
  path: Assets/Joystick Pack/Sprites/Handles/Handle_Ridged_Arrows.png
  artifactKey: Guid(a6c56474666ce0647bdb766e9b4764b3) Importer(815301076,1909f56bfc062723c751e8b465ee728b)
Start importing Assets/Joystick Pack/Sprites/Handles/Handle_Ridged_Arrows.png using Guid(a6c56474666ce0647bdb766e9b4764b3) Importer(815301076,1909f56bfc062723c751e8b465ee728b)  -> (artifact id: 'f6635c50072edc768caaeaf22077d9bb') in 0.091491 seconds
Number of updated asset objects reloaded before import = 0
Number of asset objects unloaded after import = 3
========================================================================
Received Import Request.
  Time since last request: 0.000092 seconds.
  path: Assets/Ezereal Assets/Ezereal Car Controller/Demo/URP/Textures/Sand - Normal.png
  artifactKey: Guid(612b4fec4c9983748ad1e4afcfceba0a) Importer(815301076,1909f56bfc062723c751e8b465ee728b)
Start importing Assets/Ezereal Assets/Ezereal Car Controller/Demo/URP/Textures/Sand - Normal.png using Guid(612b4fec4c9983748ad1e4afcfceba0a) Importer(815301076,1909f56bfc062723c751e8b465ee728b)  -> (artifact id: '7a592593b813139e79ce78c6cd067f80') in 0.167408 seconds
Number of updated asset objects reloaded before import = 0
Number of asset objects unloaded after import = 2
========================================================================
Received Import Request.
  Time since last request: 0.000018 seconds.
  path: Assets/Joystick Pack/Sprites/Horizontal Backgrounds/Horizontal_Plain_Arrows.png
  artifactKey: Guid(c8585b68a92b5d440992ddd7d1b1a3d6) Importer(815301076,1909f56bfc062723c751e8b465ee728b)
Start importing Assets/Joystick Pack/Sprites/Horizontal Backgrounds/Horizontal_Plain_Arrows.png using Guid(c8585b68a92b5d440992ddd7d1b1a3d6) Importer(815301076,1909f56bfc062723c751e8b465ee728b)  -> (artifact id: 'cdd617b9eeee587a7a56f4cabf10c71f') in 0.042842 seconds
Number of updated asset objects reloaded before import = 0
Number of asset objects unloaded after import = 3
========================================================================
Received Import Request.
  Time since last request: 31.928300 seconds.
  path: Assets/Ezereal Assets/Ezereal Car Controller/Materials/URP/Electric Truck/Body/Hood.mat
  artifactKey: Guid(af141e86e6c311f4bbdda8b3ea298ea3) Importer(815301076,1909f56bfc062723c751e8b465ee728b)
Start importing Assets/Ezereal Assets/Ezereal Car Controller/Materials/URP/Electric Truck/Body/Hood.mat using Guid(af141e86e6c311f4bbdda8b3ea298ea3) Importer(815301076,1909f56bfc062723c751e8b465ee728b)  -> (artifact id: '598f406c5b5f5463f8fe67f7a13d5940') in 0.024049 seconds
Number of updated asset objects reloaded before import = 0
Number of asset objects unloaded after import = 1
========================================================================
Received Import Request.
  Time since last request: 0.000301 seconds.
  path: Assets/Ezereal Assets/Ezereal Car Controller/Materials/URP/Electric Truck/Body/Windshield Plastic.mat
  artifactKey: Guid(c4cd4bb936d52fc4b99c1bf8d12d24b2) Importer(815301076,1909f56bfc062723c751e8b465ee728b)
Start importing Assets/Ezereal Assets/Ezereal Car Controller/Materials/URP/Electric Truck/Body/Windshield Plastic.mat using Guid(c4cd4bb936d52fc4b99c1bf8d12d24b2) Importer(815301076,1909f56bfc062723c751e8b465ee728b)  -> (artifact id: '7f38b757a636d1c25c67be3defc79eb5') in 0.050153 seconds
Number of updated asset objects reloaded before import = 0
Number of asset objects unloaded after import = 1
========================================================================
Received Import Request.
  Time since last request: 0.000197 seconds.
  path: Assets/Ezereal Assets/Ezereal Car Controller/Materials/URP/Electric Truck/Body/Screen.mat
  artifactKey: Guid(ad87c86f68bd6fb4e92cab0374ae2c91) Importer(815301076,1909f56bfc062723c751e8b465ee728b)
Start importing Assets/Ezereal Assets/Ezereal Car Controller/Materials/URP/Electric Truck/Body/Screen.mat using Guid(ad87c86f68bd6fb4e92cab0374ae2c91) Importer(815301076,1909f56bfc062723c751e8b465ee728b)  -> (artifact id: '95429a92ce07f8b9d7d2385d4ce1a417') in 0.051960 seconds
Number of updated asset objects reloaded before import = 0
Number of asset objects unloaded after import = 1
========================================================================
Received Import Request.
  Time since last request: 8.731488 seconds.
  path: Assets/Ezereal Assets/Ezereal Car Controller/Materials/URP/Electric Truck/Interior/Interior Floor.mat
  artifactKey: Guid(60073513a6cf00f499cd2b4bb8eb8550) Importer(815301076,1909f56bfc062723c751e8b465ee728b)
Start importing Assets/Ezereal Assets/Ezereal Car Controller/Materials/URP/Electric Truck/Interior/Interior Floor.mat using Guid(60073513a6cf00f499cd2b4bb8eb8550) Importer(815301076,1909f56bfc062723c751e8b465ee728b)  -> (artifact id: '078458471f29a506bf5a6244933211cd') in 0.012660 seconds
Number of updated asset objects reloaded before import = 0
Number of asset objects unloaded after import = 1
========================================================================
Received Import Request.
  Time since last request: 55.807501 seconds.
  path: Assets/Ezereal Assets/Ezereal Car Controller/Materials/URP/Electric Truck/Body/Door Handle.mat
  artifactKey: Guid(7e23b5fc8551c2b41a07e7a929ee95c9) Importer(815301076,1909f56bfc062723c751e8b465ee728b)
Start importing Assets/Ezereal Assets/Ezereal Car Controller/Materials/URP/Electric Truck/Body/Door Handle.mat using Guid(7e23b5fc8551c2b41a07e7a929ee95c9) Importer(815301076,1909f56bfc062723c751e8b465ee728b)  -> (artifact id: 'e339c948cb5c212223a8cdabf776eaf1') in 0.015110 seconds
Number of updated asset objects reloaded before import = 0
Number of asset objects unloaded after import = 1
========================================================================
Received Import Request.
  Time since last request: 0.000081 seconds.
  path: Assets/TextMesh Pro/Resources/Fonts & Materials/LiberationSans SDF - Outline.mat
  artifactKey: Guid(79459efec17a4d00a321bdcc27bbc385) Importer(815301076,1909f56bfc062723c751e8b465ee728b)
Start importing Assets/TextMesh Pro/Resources/Fonts & Materials/LiberationSans SDF - Outline.mat using Guid(79459efec17a4d00a321bdcc27bbc385) Importer(815301076,1909f56bfc062723c751e8b465ee728b)  -> (artifact id: '166c7ce0ee22e159be83bc7e408190a2') in 0.173725 seconds
Number of updated asset objects reloaded before import = 0
Number of asset objects unloaded after import = 2
========================================================================
Received Import Request.
  Time since last request: 0.007581 seconds.
  path: Assets/Ezereal Assets/Ezereal Car Controller/Materials/URP/Electric Truck/Body/Hood Hinge.mat
  artifactKey: Guid(b3f4dc26fb8efab40a41ae7bb692b8ee) Importer(815301076,1909f56bfc062723c751e8b465ee728b)
Start importing Assets/Ezereal Assets/Ezereal Car Controller/Materials/URP/Electric Truck/Body/Hood Hinge.mat using Guid(b3f4dc26fb8efab40a41ae7bb692b8ee) Importer(815301076,1909f56bfc062723c751e8b465ee728b)  -> (artifact id: 'd952089c4efe9822b3eef17a748fe107') in 0.013607 seconds
Number of updated asset objects reloaded before import = 0
Number of asset objects unloaded after import = 1
========================================================================
Received Import Request.
  Time since last request: 0.000111 seconds.
  path: Assets/Ezereal Assets/Ezereal Car Controller/Materials/URP/Electric Truck/Interior/Handbrake Handle.mat
  artifactKey: Guid(fbcf59836d879f6408a8be167a929e36) Importer(815301076,1909f56bfc062723c751e8b465ee728b)
Start importing Assets/Ezereal Assets/Ezereal Car Controller/Materials/URP/Electric Truck/Interior/Handbrake Handle.mat using Guid(fbcf59836d879f6408a8be167a929e36) Importer(815301076,1909f56bfc062723c751e8b465ee728b)  -> (artifact id: '470f1272e7e167b36e1eb38fb8c67a85') in 0.028037 seconds
Number of updated asset objects reloaded before import = 0
Number of asset objects unloaded after import = 1
========================================================================
Received Import Request.
  Time since last request: 0.000020 seconds.
  path: Assets/Ezereal Assets/Ezereal Car Controller/Materials/URP/Electric Truck/Lights/Interior Dashboard Light.mat
  artifactKey: Guid(37d5b378d22ee1a4796b7956a1768d91) Importer(815301076,1909f56bfc062723c751e8b465ee728b)
Start importing Assets/Ezereal Assets/Ezereal Car Controller/Materials/URP/Electric Truck/Lights/Interior Dashboard Light.mat using Guid(37d5b378d22ee1a4796b7956a1768d91) Importer(815301076,1909f56bfc062723c751e8b465ee728b)  -> (artifact id: 'adb22e1e8b9cce951aadca7458ef46b9') in 0.062188 seconds
Number of updated asset objects reloaded before import = 0
Number of asset objects unloaded after import = 1
